<?xml version="1.0" encoding="UTF-8"?>
<testng-results ignored="0" total="3" passed="3" failed="0" skipped="0">
  <reporter-output>
  </reporter-output>
  <suite started-at="2023-04-24T21:55:05 IST" name="Default suite" finished-at="2023-04-24T21:55:10 IST" duration-ms="5627">
    <groups>
    </groups>
    <test started-at="2023-04-24T21:55:05 IST" name="Default test" finished-at="2023-04-24T21:55:10 IST" duration-ms="5627">
      <class name="datadriventesting.DDT">
        <test-method signature="createUser(java.lang.String,java.lang.String)[pri:0, instance:datadriventesting.DDT@1d119efb]" started-at="2023-04-24T21:55:05 IST" name="createUser" data-provider="getData" finished-at="2023-04-24T21:55:10 IST" duration-ms="4716" status="PASS">
          <params>
            <param index="0">
              <value>
                <![CDATA[Virat]]>
              </value>
            </param>
            <param index="1">
              <value>
                <![CDATA[Cricketer]]>
              </value>
            </param>
          </params>
          <reporter-output>
          </reporter-output>
        </test-method> <!-- createUser -->
        <test-method signature="createUser(java.lang.String,java.lang.String)[pri:0, instance:datadriventesting.DDT@1d119efb]" started-at="2023-04-24T21:55:10 IST" name="createUser" data-provider="getData" finished-at="2023-04-24T21:55:10 IST" duration-ms="388" status="PASS">
          <params>
            <param index="0">
              <value>
                <![CDATA[Ronaldo]]>
              </value>
            </param>
            <param index="1">
              <value>
                <![CDATA[FootBall]]>
              </value>
            </param>
          </params>
          <reporter-output>
          </reporter-output>
        </test-method> <!-- createUser -->
        <test-method signature="createUser(java.lang.String,java.lang.String)[pri:0, instance:datadriventesting.DDT@1d119efb]" started-at="2023-04-24T21:55:10 IST" name="createUser" data-provider="getData" finished-at="2023-04-24T21:55:10 IST" duration-ms="400" status="PASS">
          <params>
            <param index="0">
              <value>
                <![CDATA[Prabhas]]>
              </value>
            </param>
            <param index="1">
              <value>
                <![CDATA[Cine Hero]]>
              </value>
            </param>
          </params>
          <reporter-output>
          </reporter-output>
        </test-method> <!-- createUser -->
      </class> <!-- datadriventesting.DDT -->
    </test> <!-- Default test -->
  </suite> <!-- Default suite -->
</testng-results>
