<?xml version="1.0" encoding="UTF-8"?>
<!-- Generated by org.testng.reporters.JUnitXMLReporter -->
<testsuite ignored="0" hostname="DESKTOP-HPAH8SE" failures="0" tests="3" name="Default test" time="5.627" errors="0" timestamp="2023-04-24T21:55:10 IST">
  <testcase classname="datadriventesting.DDT" name="createUser" time="4.716"/>
  <testcase classname="datadriventesting.DDT" name="createUser" time="0.388"/>
  <testcase classname="datadriventesting.DDT" name="createUser" time="0.4"/>
</testsuite> <!-- Default test -->
